<?xml version="1.0" encoding="UTF-8"?>
<testsuite xmlns:xsi="http://www.w3.org/2001/XMLSchema-instance" xsi:noNamespaceSchemaLocation="https://maven.apache.org/surefire/maven-surefire-plugin/xsd/surefire-test-report.xsd" name="es.ull.esit.sort.quicksort.QuicksortTest" time="0.122" tests="6" errors="0" skipped="0" failures="0">
  <properties>
    <property name="awt.toolkit" value="sun.awt.X11.XToolkit"/>
    <property name="java.specification.version" value="11"/>
    <property name="sun.cpu.isalist" value=""/>
    <property name="sun.jnu.encoding" value="UTF-8"/>
    <property name="java.class.path" value="/workspace/Quicksort/target/test-classes:/workspace/Quicksort/target/classes:/workspace/m2-repository/junit/junit/4.13.1/junit-4.13.1.jar:/workspace/m2-repository/org/hamcrest/hamcrest-core/1.3/hamcrest-core-1.3.jar:/workspace/m2-repository/org/jacoco/jacoco-maven-plugin/0.8.6/jacoco-maven-plugin-0.8.6.jar:/workspace/m2-repository/org/apache/maven/maven-plugin-api/3.0/maven-plugin-api-3.0.jar:/workspace/m2-repository/org/apache/maven/maven-model/3.0/maven-model-3.0.jar:/workspace/m2-repository/org/apache/maven/maven-artifact/3.0/maven-artifact-3.0.jar:/workspace/m2-repository/org/sonatype/sisu/sisu-inject-plexus/1.4.2/sisu-inject-plexus-1.4.2.jar:/workspace/m2-repository/org/sonatype/sisu/sisu-inject-bean/1.4.2/sisu-inject-bean-1.4.2.jar:/workspace/m2-repository/org/sonatype/sisu/sisu-guice/2.1.7/sisu-guice-2.1.7-noaop.jar:/workspace/m2-repository/org/apache/maven/maven-core/3.0/maven-core-3.0.jar:/workspace/m2-repository/org/apache/maven/maven-settings/3.0/maven-settings-3.0.jar:/workspace/m2-repository/org/apache/maven/maven-settings-builder/3.0/maven-settings-builder-3.0.jar:/workspace/m2-repository/org/apache/maven/maven-repository-metadata/3.0/maven-repository-metadata-3.0.jar:/workspace/m2-repository/org/apache/maven/maven-model-builder/3.0/maven-model-builder-3.0.jar:/workspace/m2-repository/org/apache/maven/maven-aether-provider/3.0/maven-aether-provider-3.0.jar:/workspace/m2-repository/org/sonatype/aether/aether-impl/1.7/aether-impl-1.7.jar:/workspace/m2-repository/org/sonatype/aether/aether-spi/1.7/aether-spi-1.7.jar:/workspace/m2-repository/org/sonatype/aether/aether-api/1.7/aether-api-1.7.jar:/workspace/m2-repository/org/sonatype/aether/aether-util/1.7/aether-util-1.7.jar:/workspace/m2-repository/org/codehaus/plexus/plexus-interpolation/1.14/plexus-interpolation-1.14.jar:/workspace/m2-repository/org/codehaus/plexus/plexus-classworlds/2.2.3/plexus-classworlds-2.2.3.jar:/workspace/m2-repository/org/codehaus/plexus/plexus-component-annotations/1.5.5/plexus-component-annotations-1.5.5.jar:/workspace/m2-repository/org/sonatype/plexus/plexus-sec-dispatcher/1.3/plexus-sec-dispatcher-1.3.jar:/workspace/m2-repository/org/sonatype/plexus/plexus-cipher/1.4/plexus-cipher-1.4.jar:/workspace/m2-repository/org/codehaus/plexus/plexus-utils/3.0.22/plexus-utils-3.0.22.jar:/workspace/m2-repository/org/apache/maven/shared/file-management/1.2.1/file-management-1.2.1.jar:/workspace/m2-repository/org/apache/maven/shared/maven-shared-io/1.1/maven-shared-io-1.1.jar:/workspace/m2-repository/org/apache/maven/maven-artifact-manager/2.0.2/maven-artifact-manager-2.0.2.jar:/workspace/m2-repository/org/apache/maven/wagon/wagon-provider-api/1.0-alpha-6/wagon-provider-api-1.0-alpha-6.jar:/workspace/m2-repository/org/codehaus/plexus/plexus-container-default/1.0-alpha-9/plexus-container-default-1.0-alpha-9.jar:/workspace/m2-repository/classworlds/classworlds/1.1-alpha-2/classworlds-1.1-alpha-2.jar:/workspace/m2-repository/org/apache/maven/reporting/maven-reporting-api/3.0/maven-reporting-api-3.0.jar:/workspace/m2-repository/org/apache/maven/doxia/doxia-sink-api/1.0/doxia-sink-api-1.0.jar:/workspace/m2-repository/org/apache/maven/reporting/maven-reporting-impl/2.1/maven-reporting-impl-2.1.jar:/workspace/m2-repository/org/apache/maven/maven-project/2.0.10/maven-project-2.0.10.jar:/workspace/m2-repository/org/apache/maven/maven-profile/2.0.10/maven-profile-2.0.10.jar:/workspace/m2-repository/org/apache/maven/maven-plugin-registry/2.0.10/maven-plugin-registry-2.0.10.jar:/workspace/m2-repository/org/apache/maven/doxia/doxia-core/1.1.2/doxia-core-1.1.2.jar:/workspace/m2-repository/org/apache/maven/doxia/doxia-logging-api/1.1.2/doxia-logging-api-1.1.2.jar:/workspace/m2-repository/xerces/xercesImpl/2.8.1/xercesImpl-2.8.1.jar:/workspace/m2-repository/commons-lang/commons-lang/2.4/commons-lang-2.4.jar:/workspace/m2-repository/commons-httpclient/commons-httpclient/3.1/commons-httpclient-3.1.jar:/workspace/m2-repository/commons-codec/commons-codec/1.2/commons-codec-1.2.jar:/workspace/m2-repository/org/apache/maven/doxia/doxia-site-renderer/1.1.2/doxia-site-renderer-1.1.2.jar:/workspace/m2-repository/org/apache/maven/doxia/doxia-decoration-model/1.1.2/doxia-decoration-model-1.1.2.jar:/workspace/m2-repository/org/apache/maven/doxia/doxia-module-xhtml/1.1.2/doxia-module-xhtml-1.1.2.jar:/workspace/m2-repository/org/apache/maven/doxia/doxia-module-fml/1.1.2/doxia-module-fml-1.1.2.jar:/workspace/m2-repository/org/codehaus/plexus/plexus-i18n/1.0-beta-7/plexus-i18n-1.0-beta-7.jar:/workspace/m2-repository/org/codehaus/plexus/plexus-velocity/1.1.7/plexus-velocity-1.1.7.jar:/workspace/m2-repository/org/apache/velocity/velocity/1.5/velocity-1.5.jar:/workspace/m2-repository/commons-collections/commons-collections/3.2/commons-collections-3.2.jar:/workspace/m2-repository/commons-validator/commons-validator/1.2.0/commons-validator-1.2.0.jar:/workspace/m2-repository/commons-beanutils/commons-beanutils/1.7.0/commons-beanutils-1.7.0.jar:/workspace/m2-repository/commons-digester/commons-digester/1.6/commons-digester-1.6.jar:/workspace/m2-repository/commons-logging/commons-logging/1.0.4/commons-logging-1.0.4.jar:/workspace/m2-repository/oro/oro/2.0.8/oro-2.0.8.jar:/workspace/m2-repository/xml-apis/xml-apis/1.0.b2/xml-apis-1.0.b2.jar:/workspace/m2-repository/org/jacoco/org.jacoco.agent/0.8.6/org.jacoco.agent-0.8.6-runtime.jar:/workspace/m2-repository/org/jacoco/org.jacoco.core/0.8.6/org.jacoco.core-0.8.6.jar:/workspace/m2-repository/org/ow2/asm/asm/8.0.1/asm-8.0.1.jar:/workspace/m2-repository/org/ow2/asm/asm-commons/8.0.1/asm-commons-8.0.1.jar:/workspace/m2-repository/org/ow2/asm/asm-analysis/8.0.1/asm-analysis-8.0.1.jar:/workspace/m2-repository/org/ow2/asm/asm-tree/8.0.1/asm-tree-8.0.1.jar:/workspace/m2-repository/org/jacoco/org.jacoco.report/0.8.6/org.jacoco.report-0.8.6.jar:"/>
    <property name="java.vm.vendor" value="Azul Systems, Inc."/>
    <property name="sun.arch.data.model" value="64"/>
    <property name="java.vendor.url" value="http://www.azul.com/"/>
    <property name="user.timezone" value=""/>
    <property name="java.vm.specification.version" value="11"/>
    <property name="os.name" value="Linux"/>
    <property name="sun.java.launcher" value="SUN_STANDARD"/>
    <property name="user.country" value="US"/>
    <property name="sun.boot.library.path" value="/home/gitpod/.sdkman/candidates/java/11.0.13.fx-zulu/lib"/>
    <property name="sun.java.command" value="/workspace/Quicksort/target/surefire/surefirebooter16957872384603914447.jar /workspace/Quicksort/target/surefire 2022-01-14T11-52-09_714-jvmRun1 surefire6383531216409162895tmp surefire_08105525602588597906tmp"/>
    <property name="jdk.debug" value="release"/>
    <property name="surefire.test.class.path" value="/workspace/Quicksort/target/test-classes:/workspace/Quicksort/target/classes:/workspace/m2-repository/junit/junit/4.13.1/junit-4.13.1.jar:/workspace/m2-repository/org/hamcrest/hamcrest-core/1.3/hamcrest-core-1.3.jar:/workspace/m2-repository/org/jacoco/jacoco-maven-plugin/0.8.6/jacoco-maven-plugin-0.8.6.jar:/workspace/m2-repository/org/apache/maven/maven-plugin-api/3.0/maven-plugin-api-3.0.jar:/workspace/m2-repository/org/apache/maven/maven-model/3.0/maven-model-3.0.jar:/workspace/m2-repository/org/apache/maven/maven-artifact/3.0/maven-artifact-3.0.jar:/workspace/m2-repository/org/sonatype/sisu/sisu-inject-plexus/1.4.2/sisu-inject-plexus-1.4.2.jar:/workspace/m2-repository/org/sonatype/sisu/sisu-inject-bean/1.4.2/sisu-inject-bean-1.4.2.jar:/workspace/m2-repository/org/sonatype/sisu/sisu-guice/2.1.7/sisu-guice-2.1.7-noaop.jar:/workspace/m2-repository/org/apache/maven/maven-core/3.0/maven-core-3.0.jar:/workspace/m2-repository/org/apache/maven/maven-settings/3.0/maven-settings-3.0.jar:/workspace/m2-repository/org/apache/maven/maven-settings-builder/3.0/maven-settings-builder-3.0.jar:/workspace/m2-repository/org/apache/maven/maven-repository-metadata/3.0/maven-repository-metadata-3.0.jar:/workspace/m2-repository/org/apache/maven/maven-model-builder/3.0/maven-model-builder-3.0.jar:/workspace/m2-repository/org/apache/maven/maven-aether-provider/3.0/maven-aether-provider-3.0.jar:/workspace/m2-repository/org/sonatype/aether/aether-impl/1.7/aether-impl-1.7.jar:/workspace/m2-repository/org/sonatype/aether/aether-spi/1.7/aether-spi-1.7.jar:/workspace/m2-repository/org/sonatype/aether/aether-api/1.7/aether-api-1.7.jar:/workspace/m2-repository/org/sonatype/aether/aether-util/1.7/aether-util-1.7.jar:/workspace/m2-repository/org/codehaus/plexus/plexus-interpolation/1.14/plexus-interpolation-1.14.jar:/workspace/m2-repository/org/codehaus/plexus/plexus-classworlds/2.2.3/plexus-classworlds-2.2.3.jar:/workspace/m2-repository/org/codehaus/plexus/plexus-component-annotations/1.5.5/plexus-component-annotations-1.5.5.jar:/workspace/m2-repository/org/sonatype/plexus/plexus-sec-dispatcher/1.3/plexus-sec-dispatcher-1.3.jar:/workspace/m2-repository/org/sonatype/plexus/plexus-cipher/1.4/plexus-cipher-1.4.jar:/workspace/m2-repository/org/codehaus/plexus/plexus-utils/3.0.22/plexus-utils-3.0.22.jar:/workspace/m2-repository/org/apache/maven/shared/file-management/1.2.1/file-management-1.2.1.jar:/workspace/m2-repository/org/apache/maven/shared/maven-shared-io/1.1/maven-shared-io-1.1.jar:/workspace/m2-repository/org/apache/maven/maven-artifact-manager/2.0.2/maven-artifact-manager-2.0.2.jar:/workspace/m2-repository/org/apache/maven/wagon/wagon-provider-api/1.0-alpha-6/wagon-provider-api-1.0-alpha-6.jar:/workspace/m2-repository/org/codehaus/plexus/plexus-container-default/1.0-alpha-9/plexus-container-default-1.0-alpha-9.jar:/workspace/m2-repository/classworlds/classworlds/1.1-alpha-2/classworlds-1.1-alpha-2.jar:/workspace/m2-repository/org/apache/maven/reporting/maven-reporting-api/3.0/maven-reporting-api-3.0.jar:/workspace/m2-repository/org/apache/maven/doxia/doxia-sink-api/1.0/doxia-sink-api-1.0.jar:/workspace/m2-repository/org/apache/maven/reporting/maven-reporting-impl/2.1/maven-reporting-impl-2.1.jar:/workspace/m2-repository/org/apache/maven/maven-project/2.0.10/maven-project-2.0.10.jar:/workspace/m2-repository/org/apache/maven/maven-profile/2.0.10/maven-profile-2.0.10.jar:/workspace/m2-repository/org/apache/maven/maven-plugin-registry/2.0.10/maven-plugin-registry-2.0.10.jar:/workspace/m2-repository/org/apache/maven/doxia/doxia-core/1.1.2/doxia-core-1.1.2.jar:/workspace/m2-repository/org/apache/maven/doxia/doxia-logging-api/1.1.2/doxia-logging-api-1.1.2.jar:/workspace/m2-repository/xerces/xercesImpl/2.8.1/xercesImpl-2.8.1.jar:/workspace/m2-repository/commons-lang/commons-lang/2.4/commons-lang-2.4.jar:/workspace/m2-repository/commons-httpclient/commons-httpclient/3.1/commons-httpclient-3.1.jar:/workspace/m2-repository/commons-codec/commons-codec/1.2/commons-codec-1.2.jar:/workspace/m2-repository/org/apache/maven/doxia/doxia-site-renderer/1.1.2/doxia-site-renderer-1.1.2.jar:/workspace/m2-repository/org/apache/maven/doxia/doxia-decoration-model/1.1.2/doxia-decoration-model-1.1.2.jar:/workspace/m2-repository/org/apache/maven/doxia/doxia-module-xhtml/1.1.2/doxia-module-xhtml-1.1.2.jar:/workspace/m2-repository/org/apache/maven/doxia/doxia-module-fml/1.1.2/doxia-module-fml-1.1.2.jar:/workspace/m2-repository/org/codehaus/plexus/plexus-i18n/1.0-beta-7/plexus-i18n-1.0-beta-7.jar:/workspace/m2-repository/org/codehaus/plexus/plexus-velocity/1.1.7/plexus-velocity-1.1.7.jar:/workspace/m2-repository/org/apache/velocity/velocity/1.5/velocity-1.5.jar:/workspace/m2-repository/commons-collections/commons-collections/3.2/commons-collections-3.2.jar:/workspace/m2-repository/commons-validator/commons-validator/1.2.0/commons-validator-1.2.0.jar:/workspace/m2-repository/commons-beanutils/commons-beanutils/1.7.0/commons-beanutils-1.7.0.jar:/workspace/m2-repository/commons-digester/commons-digester/1.6/commons-digester-1.6.jar:/workspace/m2-repository/commons-logging/commons-logging/1.0.4/commons-logging-1.0.4.jar:/workspace/m2-repository/oro/oro/2.0.8/oro-2.0.8.jar:/workspace/m2-repository/xml-apis/xml-apis/1.0.b2/xml-apis-1.0.b2.jar:/workspace/m2-repository/org/jacoco/org.jacoco.agent/0.8.6/org.jacoco.agent-0.8.6-runtime.jar:/workspace/m2-repository/org/jacoco/org.jacoco.core/0.8.6/org.jacoco.core-0.8.6.jar:/workspace/m2-repository/org/ow2/asm/asm/8.0.1/asm-8.0.1.jar:/workspace/m2-repository/org/ow2/asm/asm-commons/8.0.1/asm-commons-8.0.1.jar:/workspace/m2-repository/org/ow2/asm/asm-analysis/8.0.1/asm-analysis-8.0.1.jar:/workspace/m2-repository/org/ow2/asm/asm-tree/8.0.1/asm-tree-8.0.1.jar:/workspace/m2-repository/org/jacoco/org.jacoco.report/0.8.6/org.jacoco.report-0.8.6.jar:"/>
    <property name="sun.cpu.endian" value="little"/>
    <property name="user.home" value="/home/gitpod"/>
    <property name="user.language" value="en"/>
    <property name="java.specification.vendor" value="Oracle Corporation"/>
    <property name="java.version.date" value="2021-10-19"/>
    <property name="java.home" value="/home/gitpod/.sdkman/candidates/java/11.0.13.fx-zulu"/>
    <property name="file.separator" value="/"/>
    <property name="basedir" value="/workspace/Quicksort"/>
    <property name="java.vm.compressedOopsMode" value="Zero based"/>
    <property name="line.separator" value="&#10;"/>
    <property name="java.specification.name" value="Java Platform API Specification"/>
    <property name="java.vm.specification.vendor" value="Oracle Corporation"/>
    <property name="jdk.vendor.version" value="Zulu11.52+13-CA"/>
    <property name="java.awt.graphicsenv" value="sun.awt.X11GraphicsEnvironment"/>
    <property name="surefire.real.class.path" value="/workspace/Quicksort/target/surefire/surefirebooter16957872384603914447.jar"/>
    <property name="sun.management.compiler" value="HotSpot 64-Bit Tiered Compilers"/>
    <property name="java.runtime.version" value="11.0.13+8-LTS"/>
    <property name="user.name" value="gitpod"/>
    <property name="path.separator" value=":"/>
    <property name="os.version" value="5.13.0-1010-gcp"/>
    <property name="java.runtime.name" value="OpenJDK Runtime Environment"/>
    <property name="file.encoding" value="UTF-8"/>
    <property name="java.vm.name" value="OpenJDK 64-Bit Server VM"/>
    <property name="skipTests" value="false"/>
    <property name="java.vendor.version" value="Zulu11.52+13-CA"/>
    <property name="localRepository" value="/workspace/m2-repository"/>
    <property name="java.vendor.url.bug" value="http://www.azul.com/support/"/>
    <property name="java.io.tmpdir" value="/tmp"/>
    <property name="java.version" value="11.0.13"/>
    <property name="user.dir" value="/workspace/Quicksort"/>
    <property name="os.arch" value="amd64"/>
    <property name="java.vm.specification.name" value="Java Virtual Machine Specification"/>
    <property name="java.awt.printerjob" value="sun.print.PSPrinterJob"/>
    <property name="sun.os.patch.level" value="unknown"/>
    <property name="java.library.path" value="/usr/java/packages/lib:/usr/lib64:/lib64:/lib:/usr/lib"/>
    <property name="java.vm.info" value="mixed mode"/>
    <property name="java.vendor" value="Azul Systems, Inc."/>
    <property name="java.vm.version" value="11.0.13+8-LTS"/>
    <property name="sun.io.unicode.encoding" value="UnicodeLittle"/>
    <property name="java.class.version" value="55.0"/>
  </properties>
  <testcase name="testSimpleElement" classname="es.ull.esit.sort.quicksort.QuicksortTest" time="0.01"/>
  <testcase name="testEmpty" classname="es.ull.esit.sort.quicksort.QuicksortTest" time="0"/>
  <testcase name="testNull" classname="es.ull.esit.sort.quicksort.QuicksortTest" time="0"/>
  <testcase name="testStandardSort" classname="es.ull.esit.sort.quicksort.QuicksortTest" time="0.003"/>
  <testcase name="testSpecial" classname="es.ull.esit.sort.quicksort.QuicksortTest" time="0.003"/>
  <testcase name="testQuickSort" classname="es.ull.esit.sort.quicksort.QuicksortTest" time="0"/>
</testsuite>